<?xml version="1.0" encoding="UTF-8"?>
<!-- Generated by org.testng.reporters.JUnitReportReporter -->
<testsuite hostname="LIN-PF1DNAMY" failures="0" tests="3" name="Runner.TestRunner" time="5.532" errors="0" timestamp="2024-05-27T16:41:07 IST" skipped="0">
  <testcase classname="Runner.TestRunner" name="runScenario" time="0.578"/>
  <testcase classname="Runner.TestRunner" name="runScenario" time="4.470"/>
  <testcase classname="Runner.TestRunner" name="runScenario" time="0.484"/>
</testsuite> <!-- Runner.TestRunner -->
