<?xml version="1.0" encoding="UTF-8"?>
<!-- Generated by org.testng.reporters.JUnitReportReporter -->
<testsuite hostname="LIN-PF1DNAMY" failures="0" tests="1" name="com.restAssured.RestAssuredDemo.excelSheet" time="3.190" errors="0" timestamp="2024-05-21T11:40:49 IST" skipped="0">
  <testcase classname="com.restAssured.RestAssuredDemo.excelSheet" name="addData" time="3.190"/>
</testsuite> <!-- com.restAssured.RestAssuredDemo.excelSheet -->
