<?xml version="1.0" encoding="UTF-8"?>
<!-- Generated by org.testng.reporters.JUnitReportReporter -->
<testsuite hostname="LIN-PF1DNAMY" failures="0" tests="2" name="com.restAssured.RestAssuredDemo.dataProvider" time="2.529" errors="0" timestamp="2024-05-21T16:49:05 IST" skipped="0">
  <testcase classname="com.restAssured.RestAssuredDemo.dataProvider" name="addData" time="0.381"/>
  <testcase classname="com.restAssured.RestAssuredDemo.dataProvider" name="addData" time="2.148"/>
</testsuite> <!-- com.restAssured.RestAssuredDemo.dataProvider -->
