<?xml version="1.0" encoding="UTF-8"?>
<!-- Generated by org.testng.reporters.JUnitReportReporter -->
<testsuite hostname="LIN-PF1DNAMY" failures="0" tests="2" name="com.restAssured.RestAssuredDemo.htmlReport" time="3.275" errors="0" timestamp="2024-05-22T10:52:28 IST" skipped="0">
  <testcase classname="com.restAssured.RestAssuredDemo.htmlReport" name="addData" time="2.858"/>
  <testcase classname="com.restAssured.RestAssuredDemo.htmlReport" name="addData" time="0.417"/>
</testsuite> <!-- com.restAssured.RestAssuredDemo.htmlReport -->
