<?xml version="1.0" encoding="UTF-8"?>
<!-- Generated by org.testng.reporters.JUnitReportReporter -->
<testsuite hostname="LIN-PF1DNAMY" failures="0" tests="1" name="com.restAssured.RestAssuredDemo.excel" time="3.747" errors="0" timestamp="2024-05-21T11:35:05 IST" skipped="0">
  <testcase classname="com.restAssured.RestAssuredDemo.excel" name="addData" time="3.747"/>
</testsuite> <!-- com.restAssured.RestAssuredDemo.excel -->
