<?xml version="1.0" encoding="UTF-8"?>
<!-- Generated by org.testng.reporters.JUnitReportReporter -->
<testsuite hostname="LIN-PF1DNAMY" failures="0" tests="4" name="com.restAssured.RestAssuredDemo.testNG1" time="3.086" errors="0" timestamp="2024-05-17T12:45:10 IST" skipped="2">
  <testcase classname="com.restAssured.RestAssuredDemo.testNG1" name="getData" time="2.959"/>
  <testcase classname="com.restAssured.RestAssuredDemo.testNG1" name="getData" time="0.127"/>
  <testcase classname="com.restAssured.RestAssuredDemo.testNG1" name="addData">
    <skipped/>
  </testcase> <!-- addData -->
  <testcase classname="com.restAssured.RestAssuredDemo.testNG1" name="addData">
    <skipped/>
  </testcase> <!-- addData -->
</testsuite> <!-- com.restAssured.RestAssuredDemo.testNG1 -->
