<?xml version="1.0" encoding="UTF-8"?>
<!-- Generated by org.testng.reporters.JUnitReportReporter -->
<testsuite hostname="LIN-PF1DNAMY" failures="0" tests="10" name="com.restAssured.RestAssuredDemo.testNG2" time="6.895" errors="0" timestamp="2024-05-17T12:41:54 IST" skipped="0">
  <testcase classname="com.restAssured.RestAssuredDemo.testNG2" name="addData" time="0.380"/>
  <testcase classname="com.restAssured.RestAssuredDemo.testNG2" name="addData" time="0.438"/>
  <testcase classname="com.restAssured.RestAssuredDemo.testNG2" name="addData" time="0.433"/>
  <testcase classname="com.restAssured.RestAssuredDemo.testNG2" name="addData" time="2.965"/>
  <testcase classname="com.restAssured.RestAssuredDemo.testNG2" name="addData" time="0.392"/>
  <testcase classname="com.restAssured.RestAssuredDemo.testNG2" name="addData" time="0.523"/>
  <testcase classname="com.restAssured.RestAssuredDemo.testNG2" name="addData" time="0.405"/>
  <testcase classname="com.restAssured.RestAssuredDemo.testNG2" name="addData" time="0.486"/>
  <testcase classname="com.restAssured.RestAssuredDemo.testNG2" name="addData" time="0.437"/>
  <testcase classname="com.restAssured.RestAssuredDemo.testNG2" name="addData" time="0.436"/>
</testsuite> <!-- com.restAssured.RestAssuredDemo.testNG2 -->
